e:\c++项目\mfcapplication3\mfcapplication3\release\mfcapplication3.pch
e:\c++项目\mfcapplication3\mfcapplication3\release\vc141.pdb
e:\c++项目\mfcapplication3\mfcapplication3\release\stdafx.obj
e:\c++项目\mfcapplication3\mfcapplication3\release\mfcapplication3dlg.obj
e:\c++项目\mfcapplication3\mfcapplication3\release\mfcapplication3.obj
e:\c++项目\mfcapplication3\release\mfcapplication3.exe
e:\c++项目\mfcapplication3\release\mfcapplication3.pdb
e:\c++项目\mfcapplication3\release\mfcapplication3.ipdb
e:\c++项目\mfcapplication3\release\mfcapplication3.iobj
e:\c++项目\mfcapplication3\mfcapplication3\release\mfcapplication3.res
e:\c++项目\mfcapplication3\mfcapplication3\release\idmantypeinfo.tli
e:\c++项目\mfcapplication3\mfcapplication3\release\idmantypeinfo.tlh
e:\c++项目\mfcapplication3\mfcapplication3\release\mfcapplication3.tlog\cl.command.1.tlog
e:\c++项目\mfcapplication3\mfcapplication3\release\mfcapplication3.tlog\cl.read.1.tlog
e:\c++项目\mfcapplication3\mfcapplication3\release\mfcapplication3.tlog\cl.write.1.tlog
e:\c++项目\mfcapplication3\mfcapplication3\release\mfcapplication3.tlog\link.command.1.tlog
e:\c++项目\mfcapplication3\mfcapplication3\release\mfcapplication3.tlog\link.read.1.tlog
e:\c++项目\mfcapplication3\mfcapplication3\release\mfcapplication3.tlog\link.write.1.tlog
e:\c++项目\mfcapplication3\mfcapplication3\release\mfcapplication3.tlog\mfcapplication3.write.1u.tlog
e:\c++项目\mfcapplication3\mfcapplication3\release\mfcapplication3.tlog\rc.command.1.tlog
e:\c++项目\mfcapplication3\mfcapplication3\release\mfcapplication3.tlog\rc.read.1.tlog
e:\c++项目\mfcapplication3\mfcapplication3\release\mfcapplication3.tlog\rc.write.1.tlog
