e:\c++项目\mfcapplication3\mfcapplication3\debug\mfcapplication3.pch
e:\c++项目\mfcapplication3\mfcapplication3\debug\vc141.pdb
e:\c++项目\mfcapplication3\mfcapplication3\debug\vc141.idb
e:\c++项目\mfcapplication3\mfcapplication3\debug\stdafx.obj
e:\c++项目\mfcapplication3\mfcapplication3\debug\mfcapplication3dlg.obj
e:\c++项目\mfcapplication3\mfcapplication3\debug\mfcapplication3.obj
e:\c++项目\mfcapplication3\debug\mfcapplication3.ilk
e:\c++项目\mfcapplication3\debug\mfcapplication3.exe
e:\c++项目\mfcapplication3\debug\mfcapplication3.pdb
e:\c++项目\mfcapplication3\mfcapplication3\debug\mfcapplication3.res
e:\c++项目\mfcapplication3\mfcapplication3\debug\idmantypeinfo.tli
e:\c++项目\mfcapplication3\mfcapplication3\debug\idmantypeinfo.tlh
e:\c++项目\mfcapplication3\mfcapplication3\debug\mfcapplication3.tlog\cl.command.1.tlog
e:\c++项目\mfcapplication3\mfcapplication3\debug\mfcapplication3.tlog\cl.read.1.tlog
e:\c++项目\mfcapplication3\mfcapplication3\debug\mfcapplication3.tlog\cl.write.1.tlog
e:\c++项目\mfcapplication3\mfcapplication3\debug\mfcapplication3.tlog\link.command.1.tlog
e:\c++项目\mfcapplication3\mfcapplication3\debug\mfcapplication3.tlog\link.read.1.tlog
e:\c++项目\mfcapplication3\mfcapplication3\debug\mfcapplication3.tlog\link.write.1.tlog
e:\c++项目\mfcapplication3\mfcapplication3\debug\mfcapplication3.tlog\rc.command.1.tlog
e:\c++项目\mfcapplication3\mfcapplication3\debug\mfcapplication3.tlog\rc.read.1.tlog
e:\c++项目\mfcapplication3\mfcapplication3\debug\mfcapplication3.tlog\rc.write.1.tlog
